#
# There is insufficient memory for the Java Runtime Environment to continue.
# Native memory allocation (mmap) failed to map 402653184 bytes for Failed to commit area from 0x0000000681e00000 to 0x0000000699e00000 of length 402653184.
# Possible reasons:
#   The system is out of physical RAM or swap space
#   The process is running with CompressedOops enabled, and the Java Heap may be blocking the growth of the native heap
# Possible solutions:
#   Reduce memory load on the system
#   Increase physical memory or swap space
#   Check if swap backing store is full
#   Decrease Java heap size (-Xmx/-Xms)
#   Decrease number of Java threads
#   Decrease Java thread stack sizes (-Xss)
#   Set larger code cache with -XX:ReservedCodeCacheSize=
# This output file may be truncated or incomplete.
#
#  Out of Memory Error (t:/workspace/open/src/hotspot/os/windows/os_windows.cpp:3274), pid=13008, tid=43596
#
# JRE version:  (11.0.5+10) (build )
# Java VM: Java HotSpot(TM) 64-Bit Server VM (11.0.5+10-LTS, mixed mode, aot, sharing, tiered, compressed oops, g1 gc, windows-amd64)
# No core dump will be written. Minidumps are not enabled by default on client versions of Windows
#

---------------  S U M M A R Y ------------

Command Line: -Dclassworlds.conf=C:\Program Files\NetBeans-11.2\netbeans\java\maven\bin\m2.conf -Dmaven.home=C:\Program Files\NetBeans-11.2\netbeans\java\maven -Dmaven.multiModuleProjectDirectory=D:\LP\LabPLANETAPI_2021 org.codehaus.plexus.classworlds.launcher.Launcher -Dmaven.ext.class.path=C:\Program Files\NetBeans-11.2\netbeans\java\maven-nblib\netbeans-eventspy.jar -Dfile.encoding=UTF-8 generate-sources javadoc:javadoc

Host: Intel(R) Core(TM) i7-3770 CPU @ 3.40GHz, 8 cores, 23G,  Windows 10 , 64 bit Build 18362 (10.0.18362.1350)
Time: Sun Mar 14 02:02:05 2021 Hora estándar romance elapsed time: 0 seconds (0d 0h 0m 0s)

---------------  T H R E A D  ---------------

Current thread (0x000001887de1d800):  JavaThread "Unknown thread" [_thread_in_vm, id=43596, stack(0x0000002a5c800000,0x0000002a5c900000)]

Stack: [0x0000002a5c800000,0x0000002a5c900000]
Native frames: (J=compiled Java code, j=interpreted, Vv=VM code, C=native code)
V  [jvm.dll+0x63611a]
V  [jvm.dll+0x77426f]
V  [jvm.dll+0x77591a]
V  [jvm.dll+0x775fd3]
V  [jvm.dll+0x25e608]
V  [jvm.dll+0x6335ca]
V  [jvm.dll+0x627f85]
V  [jvm.dll+0x314ecc]
V  [jvm.dll+0x314d52]
V  [jvm.dll+0x31a5c6]
V  [jvm.dll+0x3666bf]
V  [jvm.dll+0x3660e0]
V  [jvm.dll+0x2f1c48]
V  [jvm.dll+0x2f2db6]
V  [jvm.dll+0x74d437]
V  [jvm.dll+0x74ebaf]
V  [jvm.dll+0x3734f9]
V  [jvm.dll+0x733ae9]
V  [jvm.dll+0x3e2e1d]
V  [jvm.dll+0x3e51e1]
C  [java.exe+0x3607]
C  [java.exe+0x178dc]
C  [KERNEL32.DLL+0x17c24]
C  [ntdll.dll+0x6d721]


---------------  P R O C E S S  ---------------

Threads class SMR info:
_java_thread_list=0x000001887bc4ad80, length=0, elements={
}

Java Threads: ( => current thread )

Other Threads:
  0x000001887de33800 GCTaskThread "GC Thread#0" [stack: 0x0000002a5c900000,0x0000002a5ca00000] [id=76160]
  0x000001887debd000 ConcurrentGCThread "G1 Main Marker" [stack: 0x0000002a5ca00000,0x0000002a5cb00000] [id=77032]
  0x000001887debf800 ConcurrentGCThread "G1 Conc#0" [stack: 0x0000002a5cb00000,0x0000002a5cc00000] [id=13568]

[error occurred during error reporting (printing all threads), id 0xc0000005, EXCEPTION_ACCESS_VIOLATION (0xc0000005) at pc=0x00007ffe0d300617]

VM state:not at safepoint (not fully initialized)

VM Mutex/Monitor currently owned by a thread:  ([mutex/lock_event])
[0x000001887de1ba30] Heap_lock - owner thread: 0x000001887de1d800

Heap address: 0x0000000681e00000, size: 6114 MB, Compressed Oops mode: Non-zero based: 0x0000000681e00000
Narrow klass base: 0x0000000000000000, Narrow klass shift: 0

GC Heap History (0 events):
No events

Deoptimization events (0 events):
No events

Classes redefined (0 events):
No events

Internal exceptions (0 events):
No events

Events (0 events):
No events


Dynamic libraries:
0x00007ff6781b0000 - 0x00007ff6781f7000 	C:\Program Files\Java\jdk-11.0.5\bin\java.exe
0x00007ffe78b60000 - 0x00007ffe78d50000 	C:\Windows\SYSTEM32\ntdll.dll
0x00007ffe5f8f0000 - 0x00007ffe5f902000 	C:\Program Files\AVAST Software\Avast\aswhook.dll
0x00007ffe773b0000 - 0x00007ffe77462000 	C:\Windows\System32\KERNEL32.DLL
0x00007ffe76290000 - 0x00007ffe76535000 	C:\Windows\System32\KERNELBASE.dll
0x00007ffe78040000 - 0x00007ffe780e3000 	C:\Windows\System32\ADVAPI32.dll
0x00007ffe77650000 - 0x00007ffe776ee000 	C:\Windows\System32\msvcrt.dll
0x00007ffe77890000 - 0x00007ffe77927000 	C:\Windows\System32\sechost.dll
0x00007ffe78920000 - 0x00007ffe78a3f000 	C:\Windows\System32\RPCRT4.dll
0x00007ffe776f0000 - 0x00007ffe77884000 	C:\Windows\System32\USER32.dll
0x00007ffe75ae0000 - 0x00007ffe75b01000 	C:\Windows\System32\win32u.dll
0x00007ffe775a0000 - 0x00007ffe775c6000 	C:\Windows\System32\GDI32.dll
0x00007ffe765a0000 - 0x00007ffe76738000 	C:\Windows\System32\gdi32full.dll
0x00007ffe76a20000 - 0x00007ffe76abe000 	C:\Windows\System32\msvcp_win.dll
0x00007ffe76770000 - 0x00007ffe7686a000 	C:\Windows\System32\ucrtbase.dll
0x00007ffe6c5c0000 - 0x00007ffe6c844000 	C:\Windows\WinSxS\amd64_microsoft.windows.common-controls_6595b64144ccf1df_6.0.18362.1379_none_9e7ff3b3e45cc0c4\COMCTL32.dll
0x00007ffe70ca0000 - 0x00007ffe70caa000 	C:\Windows\SYSTEM32\VERSION.dll
0x00007ffe77d00000 - 0x00007ffe78037000 	C:\Windows\System32\combase.dll
0x00007ffe76990000 - 0x00007ffe76a11000 	C:\Windows\System32\bcryptPrimitives.dll
0x00007ffe772b0000 - 0x00007ffe772de000 	C:\Windows\System32\IMM32.DLL
0x00007ffe70c80000 - 0x00007ffe70c96000 	C:\Program Files\Java\jdk-11.0.5\bin\vcruntime140.dll
0x00007ffe4a1e0000 - 0x00007ffe4a28a000 	C:\Program Files\Java\jdk-11.0.5\bin\msvcp140.dll
0x00007ffe0d000000 - 0x00007ffe0db28000 	C:\Program Files\Java\jdk-11.0.5\bin\server\jvm.dll
0x00007ffe77c90000 - 0x00007ffe77c98000 	C:\Windows\System32\PSAPI.DLL
0x00007ffe6c330000 - 0x00007ffe6c339000 	C:\Windows\SYSTEM32\WSOCK32.dll
0x00007ffe6d610000 - 0x00007ffe6d634000 	C:\Windows\SYSTEM32\WINMM.dll
0x00007ffe77ae0000 - 0x00007ffe77b4f000 	C:\Windows\System32\WS2_32.dll
0x00007ffe6d560000 - 0x00007ffe6d58d000 	C:\Windows\SYSTEM32\winmmbase.dll
0x00007ffe76890000 - 0x00007ffe768da000 	C:\Windows\System32\cfgmgr32.dll
0x00007ffe75a20000 - 0x00007ffe75a31000 	C:\Windows\System32\kernel.appcore.dll
0x00007ffe68030000 - 0x00007ffe68041000 	C:\Program Files\Java\jdk-11.0.5\bin\verify.dll
0x00007ffe74120000 - 0x00007ffe74314000 	C:\Windows\SYSTEM32\DBGHELP.DLL
0x00007ffe71e30000 - 0x00007ffe71e5a000 	C:\Windows\SYSTEM32\dbgcore.DLL
0x00007ffe63fa0000 - 0x00007ffe63fc9000 	C:\Program Files\Java\jdk-11.0.5\bin\java.dll
0x00007ffe67f60000 - 0x00007ffe67f76000 	C:\Program Files\Java\jdk-11.0.5\bin\zip.dll
0x00007ffe71f90000 - 0x00007ffe71f9a000 	C:\Program Files\Java\jdk-11.0.5\bin\jimage.dll

dbghelp: loaded successfully - version: 4.0.5 - missing functions: none
symbol engine: initialized successfully - sym options: 0x614 - pdb path: .;C:\Program Files\Java\jdk-11.0.5\bin;C:\Windows\SYSTEM32;C:\Program Files\AVAST Software\Avast;C:\Windows\WinSxS\amd64_microsoft.windows.common-controls_6595b64144ccf1df_6.0.18362.1379_none_9e7ff3b3e45cc0c4;C:\Program Files\Java\jdk-11.0.5\bin\server

VM Arguments:
jvm_args: -Dclassworlds.conf=C:\Program Files\NetBeans-11.2\netbeans\java\maven\bin\m2.conf -Dmaven.home=C:\Program Files\NetBeans-11.2\netbeans\java\maven -Dmaven.multiModuleProjectDirectory=D:\LP\LabPLANETAPI_2021 
java_command: org.codehaus.plexus.classworlds.launcher.Launcher -Dmaven.ext.class.path=C:\Program Files\NetBeans-11.2\netbeans\java\maven-nblib\netbeans-eventspy.jar -Dfile.encoding=UTF-8 generate-sources javadoc:javadoc
java_class_path (initial): C:\Program Files\NetBeans-11.2\netbeans\java\maven\boot\plexus-classworlds-2.5.2.jar
Launcher Type: SUN_STANDARD

[Global flags]
     intx CICompilerCount                          = 4                                         {product} {ergonomic}
     uint ConcGCThreads                            = 2                                         {product} {ergonomic}
     uint G1ConcRefinementThreads                  = 8                                         {product} {ergonomic}
   size_t G1HeapRegionSize                         = 1048576                                   {product} {ergonomic}
    uintx GCDrainStackTargetSize                   = 64                                        {product} {ergonomic}
   size_t InitialHeapSize                          = 402653184                                 {product} {ergonomic}
   size_t MarkStackSize                            = 4194304                                   {product} {ergonomic}
   size_t MaxHeapSize                              = 6410993664                                {product} {ergonomic}
   size_t MinHeapDeltaBytes                        = 1048576                                   {product} {ergonomic}
    uintx NonNMethodCodeHeapSize                   = 5836300                                {pd product} {ergonomic}
    uintx NonProfiledCodeHeapSize                  = 122910970                              {pd product} {ergonomic}
    uintx ProfiledCodeHeapSize                     = 122910970                              {pd product} {ergonomic}
    uintx ReservedCodeCacheSize                    = 251658240                              {pd product} {ergonomic}
     bool SegmentedCodeCache                       = true                                      {product} {ergonomic}
     bool UseCompressedClassPointers               = true                                 {lp64_product} {ergonomic}
     bool UseCompressedOops                        = true                                 {lp64_product} {ergonomic}
     bool UseG1GC                                  = true                                      {product} {ergonomic}
     bool UseLargePagesIndividualAllocation        = false                                  {pd product} {ergonomic}

Logging:
Log output configuration:
 #0: stdout all=warning uptime,level,tags
 #1: stderr all=off uptime,level,tags

Environment Variables:
JAVA_HOME=C:\Program Files\Java\jdk-11.0.5
PATH=C:\Program Files (x86)\Common Files\Oracle\Java\javapath;C:\Windows\system32;C:\Windows;C:\Windows\System32\Wbem;C:\Windows\System32\WindowsPowerShell\v1.0\;C:\Windows\System32\OpenSSH\;C:\Program Files\Git\cmd;C:\Program Files\nodejs\;C:\Program Files\Java\jdk-11.0.5\bin;;C:\Program Files\Docker\Docker\resources\bin;C:\ProgramData\DockerDesktop\version-bin;C:\Program Files\AutoFirma\AutoFirma;C:\Users\User\AppData\Local\Microsoft\WindowsApps;C:\Users\User\AppData\Local\Programs\Microsoft VS Code\bin;C:\Users\User\AppData\Local\GitHubDesktop\bin;C:\Users\User\AppData\Roaming\npm
USERNAME=User
OS=Windows_NT
PROCESSOR_IDENTIFIER=Intel64 Family 6 Model 58 Stepping 9, GenuineIntel



---------------  S Y S T E M  ---------------

OS: Windows 10 , 64 bit Build 18362 (10.0.18362.1350)

CPU:total 8 (initial active 8) (4 cores per cpu, 2 threads per core) family 6 model 58 stepping 9, cmov, cx8, fxsr, mmx, sse, sse2, sse3, ssse3, sse4.1, sse4.2, popcnt, avx, aes, clmul, erms, ht, tsc, tscinvbit, tscinv

Memory: 4k page, system-wide physical 24454M (4594M free)
TotalPageFile size 52999M (AvailPageFile size 369M)
current process WorkingSet (physical memory assigned to process): 10M, peak: 10M
current process commit charge ("private bytes"): 61M, peak: 445M

vm_info: Java HotSpot(TM) 64-Bit Server VM (11.0.5+10-LTS) for windows-amd64 JRE (11.0.5+10-LTS), built on Oct  6 2019 12:37:14 by "mach5one" with MS VC++ 15.5 (VS2017)

END.
